# SSH Key Authentication - Final Summary

**Generated**: Tue Feb  3 23:22:59 UTC 2026
**Success Rate**: 9/12 hosts (75%)

## âœ… Working SSH Access (9 hosts)

| Host | IP | User | Access |
|------|-----|------|--------|
| Primary (osiris) | 192.168.0.11 | root | âœ… |
| Traefik | 192.168.0.2 | root | âœ… |
| Tandoor | 192.168.0.6 | root | âœ… |
| AI Docker | 192.168.0.7 | tammer | âœ… |
| UGREEN | 192.168.0.8 | tammer | âœ… |
| PostgreSQL | 192.168.0.12 | root | âœ… |
| TamMediaBox | 192.168.0.13 | tammer | âœ… |
| Proxmox | 192.168.0.40 | root | âœ… |
| TrueNAS | 192.168.0.44 | truenas_admin | âœ… |

## âš ï¸ Requires Manual Setup (3 hosts)

1. **NPM Plus** (192.168.0.14) - LXC 100
2. **FoundryVTT** (192.168.0.4) - VM 104 (may be stopped)
3. **phpIPAM** (192.168.0.116) - LXC 119

## ğŸš€ SSH Shortcuts Available

```bash
ssh traefik
ssh postgresql  
ssh mediabox
ssh ai-docker
ssh truenas
```

## ğŸ“ Manual Setup Commands

```bash
# NPM Plus
ssh-copy-id root@192.168.0.14

# FoundryVTT (start VM first)
ssh root@192.168.0.40 "qm start 104"
ssh-copy-id root@192.168.0.4

# phpIPAM
ssh-copy-id root@192.168.0.116
```

---
**Status**: âœ… 75% Complete - All critical infrastructure accessible
